2025-12-07 18:04:08,283 | ERROR | Błąd API: name 'url' is not defined
2025-12-07 18:28:16,532 | INFO | Zapisano aktualne dane do data/current_data.json
2025-12-07 18:30:24,536 | INFO | Zapisano aktualne dane do data/current_data.json
2025-12-07 18:31:34,403 | INFO | Zapisano aktualne dane do data/current_data.json
2025-12-07 18:32:33,585 | INFO | Zapisano aktualne dane do data/current_data.json
2025-12-07 18:32:46,919 | INFO | Zapisano aktualne dane do data/current_data.json
2025-12-07 18:32:59,994 | INFO | Zapisano aktualne dane do data/current_data.json
2025-12-07 18:42:27,810 | INFO | Pobrano dane aktualne: 2025-12-07 18:42:27
2025-12-07 18:42:27,889 | INFO | Zapisano aktualne dane do data/current_data.json
2025-12-07 18:42:41,183 | INFO | Pobrano dane aktualne: 2025-12-07 18:42:41
2025-12-07 18:42:41,355 | INFO | Zapisano aktualne dane do data/current_data.json
2025-12-07 18:42:54,891 | INFO | Pobrano dane aktualne: 2025-12-07 18:42:54
2025-12-07 18:42:55,128 | INFO | Zapisano aktualne dane do data/current_data.json
2025-12-08 19:53:11,319 | INFO | Zapisano aktualne dane do C:\Users\natal\Desktop\Pozyskiwanie_pogodowych\air_quality_monitor\data\current_data.json
2025-12-08 19:53:24,387 | INFO | Zapisano aktualne dane do C:\Users\natal\Desktop\Pozyskiwanie_pogodowych\air_quality_monitor\data\current_data.json
2025-12-08 19:53:37,838 | INFO | Zapisano aktualne dane do C:\Users\natal\Desktop\Pozyskiwanie_pogodowych\air_quality_monitor\data\current_data.json
2025-12-08 19:53:51,815 | INFO | Zapisano aktualne dane do C:\Users\natal\Desktop\Pozyskiwanie_pogodowych\air_quality_monitor\data\current_data.json
2025-12-08 19:54:05,311 | INFO | Zapisano aktualne dane do C:\Users\natal\Desktop\Pozyskiwanie_pogodowych\air_quality_monitor\data\current_data.json
2025-12-08 19:54:18,850 | INFO | Zapisano aktualne dane do C:\Users\natal\Desktop\Pozyskiwanie_pogodowych\air_quality_monitor\data\current_data.json
2025-12-08 19:56:28,320 | INFO | Start monitoringu aktualnych danych co 10 sekund.
2025-12-08 19:56:28,321 | INFO | Czas działania monitoringu: 60 sekund.
2025-12-08 19:56:31,539 | INFO | Pobrano dane aktualne ze wszystkich sensorów.
2025-12-08 19:56:31,649 | INFO | Zapisano aktualne dane do C:\Users\natal\Desktop\Pozyskiwanie_pogodowych\air_quality_monitor\data\current_data.json
2025-12-08 19:56:31,651 | INFO | Liczba odebranych pomiarów: 500
2025-12-08 19:56:44,182 | INFO | Pobrano dane aktualne ze wszystkich sensorów.
2025-12-08 19:56:44,256 | INFO | Zapisano aktualne dane do C:\Users\natal\Desktop\Pozyskiwanie_pogodowych\air_quality_monitor\data\current_data.json
2025-12-08 19:56:44,259 | INFO | Liczba odebranych pomiarów: 500
2025-12-08 19:56:57,400 | INFO | Pobrano dane aktualne ze wszystkich sensorów.
2025-12-08 19:56:57,471 | INFO | Zapisano aktualne dane do C:\Users\natal\Desktop\Pozyskiwanie_pogodowych\air_quality_monitor\data\current_data.json
2025-12-08 19:56:57,473 | INFO | Liczba odebranych pomiarów: 500
2025-12-08 19:57:10,562 | INFO | Pobrano dane aktualne ze wszystkich sensorów.
2025-12-08 19:57:10,643 | INFO | Zapisano aktualne dane do C:\Users\natal\Desktop\Pozyskiwanie_pogodowych\air_quality_monitor\data\current_data.json
2025-12-08 19:57:10,645 | INFO | Liczba odebranych pomiarów: 500
2025-12-08 19:57:24,041 | INFO | Pobrano dane aktualne ze wszystkich sensorów.
2025-12-08 19:57:24,115 | INFO | Zapisano aktualne dane do C:\Users\natal\Desktop\Pozyskiwanie_pogodowych\air_quality_monitor\data\current_data.json
2025-12-08 19:57:24,117 | INFO | Liczba odebranych pomiarów: 500
2025-12-08 19:57:37,434 | INFO | Pobrano dane aktualne ze wszystkich sensorów.
2025-12-08 19:57:37,555 | INFO | Zapisano aktualne dane do C:\Users\natal\Desktop\Pozyskiwanie_pogodowych\air_quality_monitor\data\current_data.json
2025-12-08 19:57:37,558 | INFO | Liczba odebranych pomiarów: 500
2025-12-08 19:57:37,577 | INFO | Czas monitoringu dobiegł końca.
2025-12-08 20:28:58,409 | INFO | Start monitoringu aktualnych danych co 20 sekund.
2025-12-08 20:28:58,410 | INFO | Czas działania monitoringu: 60 sekund.
2025-12-08 20:29:01,281 | INFO | Pobrano dane aktualne ze wszystkich sensorów.
2025-12-08 20:29:01,351 | INFO | Zapisano aktualne dane do C:\Users\natal\Desktop\Pozyskiwanie_pogodowych\air_quality_monitor\data\current_data.json
2025-12-08 20:29:01,352 | INFO | Liczba odebranych pomiarów: 500
2025-12-08 20:29:24,102 | INFO | Pobrano dane aktualne ze wszystkich sensorów.
2025-12-08 20:29:24,171 | INFO | Zapisano aktualne dane do C:\Users\natal\Desktop\Pozyskiwanie_pogodowych\air_quality_monitor\data\current_data.json
2025-12-08 20:29:24,172 | INFO | Liczba odebranych pomiarów: 500
2025-12-08 20:29:47,274 | INFO | Pobrano dane aktualne ze wszystkich sensorów.
2025-12-08 20:29:47,343 | INFO | Zapisano aktualne dane do C:\Users\natal\Desktop\Pozyskiwanie_pogodowych\air_quality_monitor\data\current_data.json
2025-12-08 20:29:47,345 | INFO | Liczba odebranych pomiarów: 500
2025-12-08 20:30:10,584 | INFO | Pobrano dane aktualne ze wszystkich sensorów.
2025-12-08 20:30:10,653 | INFO | Zapisano aktualne dane do C:\Users\natal\Desktop\Pozyskiwanie_pogodowych\air_quality_monitor\data\current_data.json
2025-12-08 20:30:10,654 | INFO | Liczba odebranych pomiarów: 500
2025-12-08 20:30:10,673 | INFO | Czas monitoringu dobiegł końca.
2025-12-12 09:36:29,456 | INFO | Start monitoringu aktualnych danych co 60 sekund.
2025-12-12 09:36:29,457 | INFO | Czas działania monitoringu: 60 sekund.
2025-12-12 09:36:35,482 | INFO | Pobrano dane aktualne ze wszystkich sensorów.
2025-12-12 09:36:35,514 | INFO | Zapisano aktualne dane do C:\Users\Natalia\PycharmProjects\Pozyskiwanie_pogodowych_NO\air_quality_monitor\data\current_data.json
2025-12-12 09:36:35,515 | INFO | Liczba odebranych pomiarów: 500
2025-12-12 09:39:56,824 | INFO | Pobrano dane aktualne ze wszystkich sensorów.
2025-12-12 09:39:57,645 | INFO | Zapisano aktualne dane do C:\Users\Natalia\PycharmProjects\Pozyskiwanie_pogodowych_NO\air_quality_monitor\data\current_data.json
2025-12-12 09:39:57,662 | INFO | Liczba odebranych pomiarów: 500
2025-12-12 09:39:57,886 | INFO | Czas monitoringu dobiegł końca.
2025-12-12 18:06:30,802 | INFO | Start monitoringu aktualnych danych co 10 sekund.
2025-12-12 18:06:30,805 | INFO | Czas działania monitoringu: 60 sekund.
2025-12-12 18:06:34,010 | INFO | Pobrano dane aktualne ze wszystkich sensorów.
2025-12-12 18:06:34,111 | INFO | Zapisano aktualne dane do C:\Users\natal\Desktop\Pozyskiwanie_pogodowych\air_quality_monitor\data\current_data.json
2025-12-12 18:06:34,113 | INFO | Liczba odebranych pomiarów: 500
2025-12-12 18:06:47,881 | INFO | Pobrano dane aktualne ze wszystkich sensorów.
2025-12-12 18:06:47,960 | INFO | Zapisano aktualne dane do C:\Users\natal\Desktop\Pozyskiwanie_pogodowych\air_quality_monitor\data\current_data.json
2025-12-12 18:06:47,962 | INFO | Liczba odebranych pomiarów: 500
2025-12-12 18:07:01,426 | INFO | Pobrano dane aktualne ze wszystkich sensorów.
2025-12-12 18:07:01,536 | INFO | Zapisano aktualne dane do C:\Users\natal\Desktop\Pozyskiwanie_pogodowych\air_quality_monitor\data\current_data.json
2025-12-12 18:07:01,538 | INFO | Liczba odebranych pomiarów: 500
2025-12-12 18:07:14,756 | INFO | Pobrano dane aktualne ze wszystkich sensorów.
2025-12-12 18:07:14,864 | INFO | Zapisano aktualne dane do C:\Users\natal\Desktop\Pozyskiwanie_pogodowych\air_quality_monitor\data\current_data.json
2025-12-12 18:07:14,866 | INFO | Liczba odebranych pomiarów: 500
2025-12-12 18:07:28,703 | INFO | Pobrano dane aktualne ze wszystkich sensorów.
2025-12-12 18:07:28,993 | INFO | Zapisano aktualne dane do C:\Users\natal\Desktop\Pozyskiwanie_pogodowych\air_quality_monitor\data\current_data.json
2025-12-12 18:07:29,013 | INFO | Liczba odebranych pomiarów: 500
2025-12-12 18:07:43,256 | INFO | Pobrano dane aktualne ze wszystkich sensorów.
2025-12-12 18:07:43,365 | INFO | Zapisano aktualne dane do C:\Users\natal\Desktop\Pozyskiwanie_pogodowych\air_quality_monitor\data\current_data.json
2025-12-12 18:07:43,368 | INFO | Liczba odebranych pomiarów: 500
2025-12-12 18:07:43,405 | INFO | Czas monitoringu dobiegł końca.
2025-12-13 11:16:41,674 | INFO | Start monitoringu aktualnych danych co 10 sekund.
2025-12-13 11:16:41,676 | INFO | Czas działania monitoringu: 60 sekund.
2025-12-13 11:16:45,512 | INFO | Pobrano dane aktualne ze wszystkich sensorów.
2025-12-13 11:16:45,624 | INFO | Zapisano aktualne dane do C:\Users\natal\Desktop\Pozyskiwanie_pogodowych\air_quality_monitor\data\current_data.json
2025-12-13 11:16:45,626 | INFO | Liczba odebranych pomiarów: 500
2025-12-13 11:16:58,762 | INFO | Pobrano dane aktualne ze wszystkich sensorów.
2025-12-13 11:16:58,861 | INFO | Zapisano aktualne dane do C:\Users\natal\Desktop\Pozyskiwanie_pogodowych\air_quality_monitor\data\current_data.json
2025-12-13 11:16:58,865 | INFO | Liczba odebranych pomiarów: 500
2025-12-13 11:17:12,396 | INFO | Pobrano dane aktualne ze wszystkich sensorów.
2025-12-13 11:17:12,521 | INFO | Zapisano aktualne dane do C:\Users\natal\Desktop\Pozyskiwanie_pogodowych\air_quality_monitor\data\current_data.json
2025-12-13 11:17:12,523 | INFO | Liczba odebranych pomiarów: 500
2025-12-13 11:17:26,024 | INFO | Pobrano dane aktualne ze wszystkich sensorów.
2025-12-13 11:17:26,134 | INFO | Zapisano aktualne dane do C:\Users\natal\Desktop\Pozyskiwanie_pogodowych\air_quality_monitor\data\current_data.json
2025-12-13 11:17:26,139 | INFO | Liczba odebranych pomiarów: 500
2025-12-13 11:17:39,382 | INFO | Pobrano dane aktualne ze wszystkich sensorów.
2025-12-13 11:17:39,483 | INFO | Zapisano aktualne dane do C:\Users\natal\Desktop\Pozyskiwanie_pogodowych\air_quality_monitor\data\current_data.json
2025-12-13 11:17:39,486 | INFO | Liczba odebranych pomiarów: 500
2025-12-13 11:17:53,111 | INFO | Pobrano dane aktualne ze wszystkich sensorów.
2025-12-13 11:17:53,193 | INFO | Zapisano aktualne dane do C:\Users\natal\Desktop\Pozyskiwanie_pogodowych\air_quality_monitor\data\current_data.json
2025-12-13 11:17:53,197 | INFO | Liczba odebranych pomiarów: 500
2025-12-13 11:17:53,231 | INFO | Czas monitoringu dobiegł końca.
2025-12-13 11:57:01,915 | INFO | Start monitoringu aktualnych danych co 10 sekund.
2025-12-13 11:57:01,915 | INFO | Start monitoringu aktualnych danych co 10 sekund.
2025-12-13 11:57:01,918 | INFO | Czas działania monitoringu: 60 sekund.
2025-12-13 11:57:01,918 | INFO | Czas działania monitoringu: 60 sekund.
2025-12-13 11:57:05,863 | INFO | Pobrano dane aktualne ze wszystkich sensorów.
2025-12-13 11:57:05,863 | INFO | Pobrano dane aktualne ze wszystkich sensorów.
2025-12-13 11:57:05,957 | INFO | Zapisano aktualne dane do C:\Users\natal\Desktop\Pozyskiwanie_pogodowych\air_quality_monitor\data\current_data.json
2025-12-13 11:57:05,957 | INFO | Zapisano aktualne dane do C:\Users\natal\Desktop\Pozyskiwanie_pogodowych\air_quality_monitor\data\current_data.json
2025-12-13 11:57:05,959 | INFO | Liczba odebranych pomiarów: 500
2025-12-13 11:57:05,959 | INFO | Liczba odebranych pomiarów: 500
2025-12-13 11:57:19,289 | INFO | Pobrano dane aktualne ze wszystkich sensorów.
2025-12-13 11:57:19,289 | INFO | Pobrano dane aktualne ze wszystkich sensorów.
2025-12-13 11:57:19,400 | INFO | Zapisano aktualne dane do C:\Users\natal\Desktop\Pozyskiwanie_pogodowych\air_quality_monitor\data\current_data.json
2025-12-13 11:57:19,400 | INFO | Zapisano aktualne dane do C:\Users\natal\Desktop\Pozyskiwanie_pogodowych\air_quality_monitor\data\current_data.json
2025-12-13 11:57:19,404 | INFO | Liczba odebranych pomiarów: 500
2025-12-13 11:57:19,404 | INFO | Liczba odebranych pomiarów: 500
2025-12-13 11:57:35,212 | INFO | Pobrano dane aktualne ze wszystkich sensorów.
2025-12-13 11:57:35,212 | INFO | Pobrano dane aktualne ze wszystkich sensorów.
2025-12-13 11:57:35,301 | INFO | Zapisano aktualne dane do C:\Users\natal\Desktop\Pozyskiwanie_pogodowych\air_quality_monitor\data\current_data.json
2025-12-13 11:57:35,301 | INFO | Zapisano aktualne dane do C:\Users\natal\Desktop\Pozyskiwanie_pogodowych\air_quality_monitor\data\current_data.json
2025-12-13 11:57:35,305 | INFO | Liczba odebranych pomiarów: 500
2025-12-13 11:57:35,305 | INFO | Liczba odebranych pomiarów: 500
2025-12-13 11:57:48,265 | INFO | Pobrano dane aktualne ze wszystkich sensorów.
2025-12-13 11:57:48,265 | INFO | Pobrano dane aktualne ze wszystkich sensorów.
2025-12-13 11:57:48,345 | INFO | Zapisano aktualne dane do C:\Users\natal\Desktop\Pozyskiwanie_pogodowych\air_quality_monitor\data\current_data.json
2025-12-13 11:57:48,345 | INFO | Zapisano aktualne dane do C:\Users\natal\Desktop\Pozyskiwanie_pogodowych\air_quality_monitor\data\current_data.json
2025-12-13 11:57:48,349 | INFO | Liczba odebranych pomiarów: 500
2025-12-13 11:57:48,349 | INFO | Liczba odebranych pomiarów: 500
2025-12-13 11:58:01,541 | INFO | Pobrano dane aktualne ze wszystkich sensorów.
2025-12-13 11:58:01,541 | INFO | Pobrano dane aktualne ze wszystkich sensorów.
2025-12-13 11:58:01,629 | INFO | Zapisano aktualne dane do C:\Users\natal\Desktop\Pozyskiwanie_pogodowych\air_quality_monitor\data\current_data.json
2025-12-13 11:58:01,629 | INFO | Zapisano aktualne dane do C:\Users\natal\Desktop\Pozyskiwanie_pogodowych\air_quality_monitor\data\current_data.json
2025-12-13 11:58:01,633 | INFO | Liczba odebranych pomiarów: 500
2025-12-13 11:58:01,633 | INFO | Liczba odebranych pomiarów: 500
2025-12-13 11:58:15,307 | INFO | Pobrano dane aktualne ze wszystkich sensorów.
2025-12-13 11:58:15,307 | INFO | Pobrano dane aktualne ze wszystkich sensorów.
2025-12-13 11:58:15,417 | INFO | Zapisano aktualne dane do C:\Users\natal\Desktop\Pozyskiwanie_pogodowych\air_quality_monitor\data\current_data.json
2025-12-13 11:58:15,417 | INFO | Zapisano aktualne dane do C:\Users\natal\Desktop\Pozyskiwanie_pogodowych\air_quality_monitor\data\current_data.json
2025-12-13 11:58:15,420 | INFO | Liczba odebranych pomiarów: 500
2025-12-13 11:58:15,420 | INFO | Liczba odebranych pomiarów: 500
2025-12-13 11:58:15,444 | INFO | Czas monitoringu dobiegł końca.
2025-12-13 11:58:15,444 | INFO | Czas monitoringu dobiegł końca.
2025-12-13 12:00:30,898 | INFO | Start monitoringu aktualnych danych co 10 sekund.
2025-12-13 12:00:30,898 | INFO | Start monitoringu aktualnych danych co 10 sekund.
2025-12-13 12:00:30,901 | INFO | Czas działania monitoringu: 60 sekund.
2025-12-13 12:00:30,901 | INFO | Czas działania monitoringu: 60 sekund.
2025-12-13 12:00:33,869 | INFO | Pobrano dane aktualne ze wszystkich sensorów.
2025-12-13 12:00:33,869 | INFO | Pobrano dane aktualne ze wszystkich sensorów.
2025-12-13 12:00:33,951 | INFO | Zapisano aktualne dane do C:\Users\natal\Desktop\Pozyskiwanie_pogodowych\air_quality_monitor\data\current_data.json
2025-12-13 12:00:33,951 | INFO | Zapisano aktualne dane do C:\Users\natal\Desktop\Pozyskiwanie_pogodowych\air_quality_monitor\data\current_data.json
2025-12-13 12:00:33,954 | INFO | Liczba odebranych pomiarów: 500
2025-12-13 12:00:33,954 | INFO | Liczba odebranych pomiarów: 500
2025-12-13 12:00:46,829 | INFO | Pobrano dane aktualne ze wszystkich sensorów.
2025-12-13 12:00:46,829 | INFO | Pobrano dane aktualne ze wszystkich sensorów.
2025-12-13 12:00:46,938 | INFO | Zapisano aktualne dane do C:\Users\natal\Desktop\Pozyskiwanie_pogodowych\air_quality_monitor\data\current_data.json
2025-12-13 12:00:46,938 | INFO | Zapisano aktualne dane do C:\Users\natal\Desktop\Pozyskiwanie_pogodowych\air_quality_monitor\data\current_data.json
2025-12-13 12:00:46,943 | INFO | Liczba odebranych pomiarów: 500
2025-12-13 12:00:46,943 | INFO | Liczba odebranych pomiarów: 500
2025-12-13 12:00:59,252 | INFO | Pobrano dane aktualne ze wszystkich sensorów.
2025-12-13 12:00:59,252 | INFO | Pobrano dane aktualne ze wszystkich sensorów.
2025-12-13 12:00:59,341 | INFO | Zapisano aktualne dane do C:\Users\natal\Desktop\Pozyskiwanie_pogodowych\air_quality_monitor\data\current_data.json
2025-12-13 12:00:59,341 | INFO | Zapisano aktualne dane do C:\Users\natal\Desktop\Pozyskiwanie_pogodowych\air_quality_monitor\data\current_data.json
2025-12-13 12:00:59,345 | INFO | Liczba odebranych pomiarów: 500
2025-12-13 12:00:59,345 | INFO | Liczba odebranych pomiarów: 500
2025-12-13 12:01:12,436 | INFO | Pobrano dane aktualne ze wszystkich sensorów.
2025-12-13 12:01:12,436 | INFO | Pobrano dane aktualne ze wszystkich sensorów.
2025-12-13 12:01:12,519 | INFO | Zapisano aktualne dane do C:\Users\natal\Desktop\Pozyskiwanie_pogodowych\air_quality_monitor\data\current_data.json
2025-12-13 12:01:12,519 | INFO | Zapisano aktualne dane do C:\Users\natal\Desktop\Pozyskiwanie_pogodowych\air_quality_monitor\data\current_data.json
2025-12-13 12:01:12,523 | INFO | Liczba odebranych pomiarów: 500
2025-12-13 12:01:12,523 | INFO | Liczba odebranych pomiarów: 500
2025-12-13 12:01:25,433 | INFO | Pobrano dane aktualne ze wszystkich sensorów.
2025-12-13 12:01:25,433 | INFO | Pobrano dane aktualne ze wszystkich sensorów.
2025-12-13 12:01:25,518 | INFO | Zapisano aktualne dane do C:\Users\natal\Desktop\Pozyskiwanie_pogodowych\air_quality_monitor\data\current_data.json
2025-12-13 12:01:25,518 | INFO | Zapisano aktualne dane do C:\Users\natal\Desktop\Pozyskiwanie_pogodowych\air_quality_monitor\data\current_data.json
2025-12-13 12:01:25,522 | INFO | Liczba odebranych pomiarów: 500
2025-12-13 12:01:25,522 | INFO | Liczba odebranych pomiarów: 500
2025-12-13 12:01:38,709 | INFO | Pobrano dane aktualne ze wszystkich sensorów.
2025-12-13 12:01:38,709 | INFO | Pobrano dane aktualne ze wszystkich sensorów.
2025-12-13 12:01:38,794 | INFO | Zapisano aktualne dane do C:\Users\natal\Desktop\Pozyskiwanie_pogodowych\air_quality_monitor\data\current_data.json
2025-12-13 12:01:38,794 | INFO | Zapisano aktualne dane do C:\Users\natal\Desktop\Pozyskiwanie_pogodowych\air_quality_monitor\data\current_data.json
2025-12-13 12:01:38,798 | INFO | Liczba odebranych pomiarów: 500
2025-12-13 12:01:38,798 | INFO | Liczba odebranych pomiarów: 500
2025-12-13 12:01:38,831 | INFO | Czas monitoringu dobiegł końca.
2025-12-13 12:01:38,831 | INFO | Czas monitoringu dobiegł końca.
2025-12-13 12:07:33,221 | INFO | Start monitoringu aktualnych danych co 10 sekund.
2025-12-13 12:07:33,221 | INFO | Start monitoringu aktualnych danych co 10 sekund.
2025-12-13 12:07:33,225 | INFO | Czas działania monitoringu: 120 sekund.
2025-12-13 12:07:33,225 | INFO | Czas działania monitoringu: 120 sekund.
2025-12-13 12:07:38,384 | INFO | Pobrano dane aktualne ze wszystkich sensorów.
2025-12-13 12:07:38,384 | INFO | Pobrano dane aktualne ze wszystkich sensorów.
2025-12-13 12:07:38,466 | INFO | Zapisano aktualne dane do C:\Users\natal\Desktop\Pozyskiwanie_pogodowych\air_quality_monitor\data\current_data.json
2025-12-13 12:07:38,466 | INFO | Zapisano aktualne dane do C:\Users\natal\Desktop\Pozyskiwanie_pogodowych\air_quality_monitor\data\current_data.json
2025-12-13 12:07:38,468 | INFO | Liczba odebranych pomiarów: 500
2025-12-13 12:07:38,468 | INFO | Liczba odebranych pomiarów: 500
2025-12-13 12:07:53,375 | INFO | Pobrano dane aktualne ze wszystkich sensorów.
2025-12-13 12:07:53,375 | INFO | Pobrano dane aktualne ze wszystkich sensorów.
2025-12-13 12:07:53,454 | INFO | Zapisano aktualne dane do C:\Users\natal\Desktop\Pozyskiwanie_pogodowych\air_quality_monitor\data\current_data.json
2025-12-13 12:07:53,454 | INFO | Zapisano aktualne dane do C:\Users\natal\Desktop\Pozyskiwanie_pogodowych\air_quality_monitor\data\current_data.json
2025-12-13 12:07:53,457 | INFO | Liczba odebranych pomiarów: 500
2025-12-13 12:07:53,457 | INFO | Liczba odebranych pomiarów: 500
2025-12-13 12:08:08,972 | INFO | Pobrano dane aktualne ze wszystkich sensorów.
2025-12-13 12:08:08,972 | INFO | Pobrano dane aktualne ze wszystkich sensorów.
2025-12-13 12:08:09,053 | INFO | Zapisano aktualne dane do C:\Users\natal\Desktop\Pozyskiwanie_pogodowych\air_quality_monitor\data\current_data.json
2025-12-13 12:08:09,053 | INFO | Zapisano aktualne dane do C:\Users\natal\Desktop\Pozyskiwanie_pogodowych\air_quality_monitor\data\current_data.json
2025-12-13 12:08:09,056 | INFO | Liczba odebranych pomiarów: 500
2025-12-13 12:08:09,056 | INFO | Liczba odebranych pomiarów: 500
2025-12-13 12:08:25,633 | INFO | Pobrano dane aktualne ze wszystkich sensorów.
2025-12-13 12:08:25,633 | INFO | Pobrano dane aktualne ze wszystkich sensorów.
2025-12-13 12:08:25,715 | INFO | Zapisano aktualne dane do C:\Users\natal\Desktop\Pozyskiwanie_pogodowych\air_quality_monitor\data\current_data.json
2025-12-13 12:08:25,715 | INFO | Zapisano aktualne dane do C:\Users\natal\Desktop\Pozyskiwanie_pogodowych\air_quality_monitor\data\current_data.json
2025-12-13 12:08:25,718 | INFO | Liczba odebranych pomiarów: 500
2025-12-13 12:08:25,718 | INFO | Liczba odebranych pomiarów: 500
2025-12-13 12:08:41,741 | INFO | Pobrano dane aktualne ze wszystkich sensorów.
2025-12-13 12:08:41,741 | INFO | Pobrano dane aktualne ze wszystkich sensorów.
2025-12-13 12:08:41,821 | INFO | Zapisano aktualne dane do C:\Users\natal\Desktop\Pozyskiwanie_pogodowych\air_quality_monitor\data\current_data.json
2025-12-13 12:08:41,821 | INFO | Zapisano aktualne dane do C:\Users\natal\Desktop\Pozyskiwanie_pogodowych\air_quality_monitor\data\current_data.json
2025-12-13 12:08:41,824 | INFO | Liczba odebranych pomiarów: 500
2025-12-13 12:08:41,824 | INFO | Liczba odebranych pomiarów: 500
2025-12-13 12:08:56,935 | INFO | Pobrano dane aktualne ze wszystkich sensorów.
2025-12-13 12:08:56,935 | INFO | Pobrano dane aktualne ze wszystkich sensorów.
2025-12-13 12:08:57,016 | INFO | Zapisano aktualne dane do C:\Users\natal\Desktop\Pozyskiwanie_pogodowych\air_quality_monitor\data\current_data.json
2025-12-13 12:08:57,016 | INFO | Zapisano aktualne dane do C:\Users\natal\Desktop\Pozyskiwanie_pogodowych\air_quality_monitor\data\current_data.json
2025-12-13 12:08:57,019 | INFO | Liczba odebranych pomiarów: 500
2025-12-13 12:08:57,019 | INFO | Liczba odebranych pomiarów: 500
2025-12-13 12:09:12,183 | INFO | Pobrano dane aktualne ze wszystkich sensorów.
2025-12-13 12:09:12,183 | INFO | Pobrano dane aktualne ze wszystkich sensorów.
2025-12-13 12:09:12,266 | INFO | Zapisano aktualne dane do C:\Users\natal\Desktop\Pozyskiwanie_pogodowych\air_quality_monitor\data\current_data.json
2025-12-13 12:09:12,266 | INFO | Zapisano aktualne dane do C:\Users\natal\Desktop\Pozyskiwanie_pogodowych\air_quality_monitor\data\current_data.json
2025-12-13 12:09:12,269 | INFO | Liczba odebranych pomiarów: 500
2025-12-13 12:09:12,269 | INFO | Liczba odebranych pomiarów: 500
2025-12-13 12:09:27,813 | INFO | Pobrano dane aktualne ze wszystkich sensorów.
2025-12-13 12:09:27,813 | INFO | Pobrano dane aktualne ze wszystkich sensorów.
2025-12-13 12:09:27,894 | INFO | Zapisano aktualne dane do C:\Users\natal\Desktop\Pozyskiwanie_pogodowych\air_quality_monitor\data\current_data.json
2025-12-13 12:09:27,894 | INFO | Zapisano aktualne dane do C:\Users\natal\Desktop\Pozyskiwanie_pogodowych\air_quality_monitor\data\current_data.json
2025-12-13 12:09:27,897 | INFO | Liczba odebranych pomiarów: 500
2025-12-13 12:09:27,897 | INFO | Liczba odebranych pomiarów: 500
2025-12-13 12:09:43,885 | INFO | Pobrano dane aktualne ze wszystkich sensorów.
2025-12-13 12:09:43,885 | INFO | Pobrano dane aktualne ze wszystkich sensorów.
2025-12-13 12:09:43,965 | INFO | Zapisano aktualne dane do C:\Users\natal\Desktop\Pozyskiwanie_pogodowych\air_quality_monitor\data\current_data.json
2025-12-13 12:09:43,965 | INFO | Zapisano aktualne dane do C:\Users\natal\Desktop\Pozyskiwanie_pogodowych\air_quality_monitor\data\current_data.json
2025-12-13 12:09:43,968 | INFO | Liczba odebranych pomiarów: 500
2025-12-13 12:09:43,968 | INFO | Liczba odebranych pomiarów: 500
2025-12-13 12:09:43,990 | INFO | Czas monitoringu dobiegł końca.
2025-12-13 12:09:43,990 | INFO | Czas monitoringu dobiegł końca.
2025-12-13 12:19:14,592 | INFO | Start monitoringu aktualnych danych co 10 sekund.
2025-12-13 12:19:14,592 | INFO | Start monitoringu aktualnych danych co 10 sekund.
2025-12-13 12:19:14,597 | INFO | Czas działania monitoringu: 60 sekund.
2025-12-13 12:19:14,597 | INFO | Czas działania monitoringu: 60 sekund.
2025-12-13 12:19:21,693 | INFO | Pobrano dane aktualne ze wszystkich sensorów.
2025-12-13 12:19:21,693 | INFO | Pobrano dane aktualne ze wszystkich sensorów.
2025-12-13 12:19:21,779 | INFO | Zapisano aktualne dane do C:\Users\natal\Desktop\Pozyskiwanie_pogodowych\air_quality_monitor\data\current_data.json
2025-12-13 12:19:21,779 | INFO | Zapisano aktualne dane do C:\Users\natal\Desktop\Pozyskiwanie_pogodowych\air_quality_monitor\data\current_data.json
2025-12-13 12:19:21,814 | INFO | Liczba odebranych pomiarów: 500
2025-12-13 12:19:21,814 | INFO | Liczba odebranych pomiarów: 500
2025-12-13 12:19:40,691 | INFO | Pobrano dane aktualne ze wszystkich sensorów.
2025-12-13 12:19:40,691 | INFO | Pobrano dane aktualne ze wszystkich sensorów.
2025-12-13 12:19:40,807 | INFO | Zapisano aktualne dane do C:\Users\natal\Desktop\Pozyskiwanie_pogodowych\air_quality_monitor\data\current_data.json
2025-12-13 12:19:40,807 | INFO | Zapisano aktualne dane do C:\Users\natal\Desktop\Pozyskiwanie_pogodowych\air_quality_monitor\data\current_data.json
2025-12-13 12:19:40,845 | INFO | Liczba odebranych pomiarów: 500
2025-12-13 12:19:40,845 | INFO | Liczba odebranych pomiarów: 500
2025-12-13 12:19:58,763 | INFO | Pobrano dane aktualne ze wszystkich sensorów.
2025-12-13 12:19:58,763 | INFO | Pobrano dane aktualne ze wszystkich sensorów.
2025-12-13 12:19:58,879 | INFO | Zapisano aktualne dane do C:\Users\natal\Desktop\Pozyskiwanie_pogodowych\air_quality_monitor\data\current_data.json
2025-12-13 12:19:58,879 | INFO | Zapisano aktualne dane do C:\Users\natal\Desktop\Pozyskiwanie_pogodowych\air_quality_monitor\data\current_data.json
2025-12-13 12:19:58,924 | INFO | Liczba odebranych pomiarów: 500
2025-12-13 12:19:58,924 | INFO | Liczba odebranych pomiarów: 500
2025-12-13 12:20:17,105 | INFO | Pobrano dane aktualne ze wszystkich sensorów.
2025-12-13 12:20:17,105 | INFO | Pobrano dane aktualne ze wszystkich sensorów.
2025-12-13 12:20:17,187 | INFO | Zapisano aktualne dane do C:\Users\natal\Desktop\Pozyskiwanie_pogodowych\air_quality_monitor\data\current_data.json
2025-12-13 12:20:17,187 | INFO | Zapisano aktualne dane do C:\Users\natal\Desktop\Pozyskiwanie_pogodowych\air_quality_monitor\data\current_data.json
2025-12-13 12:20:17,222 | INFO | Liczba odebranych pomiarów: 500
2025-12-13 12:20:17,222 | INFO | Liczba odebranych pomiarów: 500
2025-12-13 12:20:17,244 | INFO | Czas monitoringu dobiegł końca.
2025-12-13 12:20:17,244 | INFO | Czas monitoringu dobiegł końca.
2025-12-13 16:32:21,998 | INFO | Start monitoringu aktualnych danych co 10 sekund.
2025-12-13 16:32:21,998 | INFO | Start monitoringu aktualnych danych co 10 sekund.
2025-12-13 16:32:22,000 | INFO | Czas działania monitoringu: 60 sekund.
2025-12-13 16:32:22,000 | INFO | Czas działania monitoringu: 60 sekund.
2025-12-13 16:32:29,813 | INFO | Pobrano dane aktualne ze wszystkich sensorów.
2025-12-13 16:32:29,813 | INFO | Pobrano dane aktualne ze wszystkich sensorów.
2025-12-13 16:32:29,896 | INFO | Zapisano aktualne dane do C:\Users\natal\Desktop\Pozyskiwanie_pogodowych\air_quality_monitor\data\current_data.json
2025-12-13 16:32:29,896 | INFO | Zapisano aktualne dane do C:\Users\natal\Desktop\Pozyskiwanie_pogodowych\air_quality_monitor\data\current_data.json
2025-12-13 16:32:29,923 | INFO | Liczba odebranych pomiarów: 500
2025-12-13 16:32:29,923 | INFO | Liczba odebranych pomiarów: 500
2025-12-13 16:32:47,794 | INFO | Pobrano dane aktualne ze wszystkich sensorów.
2025-12-13 16:32:47,794 | INFO | Pobrano dane aktualne ze wszystkich sensorów.
2025-12-13 16:32:47,866 | INFO | Zapisano aktualne dane do C:\Users\natal\Desktop\Pozyskiwanie_pogodowych\air_quality_monitor\data\current_data.json
2025-12-13 16:32:47,866 | INFO | Zapisano aktualne dane do C:\Users\natal\Desktop\Pozyskiwanie_pogodowych\air_quality_monitor\data\current_data.json
2025-12-13 16:32:47,892 | INFO | Liczba odebranych pomiarów: 500
2025-12-13 16:32:47,892 | INFO | Liczba odebranych pomiarów: 500
2025-12-13 16:33:05,668 | INFO | Pobrano dane aktualne ze wszystkich sensorów.
2025-12-13 16:33:05,668 | INFO | Pobrano dane aktualne ze wszystkich sensorów.
2025-12-13 16:33:05,742 | INFO | Zapisano aktualne dane do C:\Users\natal\Desktop\Pozyskiwanie_pogodowych\air_quality_monitor\data\current_data.json
2025-12-13 16:33:05,742 | INFO | Zapisano aktualne dane do C:\Users\natal\Desktop\Pozyskiwanie_pogodowych\air_quality_monitor\data\current_data.json
2025-12-13 16:33:05,779 | INFO | Liczba odebranych pomiarów: 500
2025-12-13 16:33:05,779 | INFO | Liczba odebranych pomiarów: 500
2025-12-13 16:33:09,001 | WARNING | Monitoring danych aktualnych przerwany przez użytkownika.
2025-12-13 16:33:09,001 | WARNING | Monitoring danych aktualnych przerwany przez użytkownika.
2025-12-13 16:34:18,893 | INFO | Start monitoringu aktualnych danych co 20 sekund.
2025-12-13 16:34:18,893 | INFO | Start monitoringu aktualnych danych co 20 sekund.
2025-12-13 16:34:18,895 | INFO | Czas działania monitoringu: 60 sekund.
2025-12-13 16:34:18,895 | INFO | Czas działania monitoringu: 60 sekund.
2025-12-13 16:34:27,714 | INFO | Pobrano dane aktualne ze wszystkich sensorów.
2025-12-13 16:34:27,714 | INFO | Pobrano dane aktualne ze wszystkich sensorów.
2025-12-13 16:34:27,792 | INFO | Zapisano aktualne dane do C:\Users\natal\Desktop\Pozyskiwanie_pogodowych\air_quality_monitor\data\current_data.json
2025-12-13 16:34:27,792 | INFO | Zapisano aktualne dane do C:\Users\natal\Desktop\Pozyskiwanie_pogodowych\air_quality_monitor\data\current_data.json
2025-12-13 16:34:27,824 | INFO | Liczba odebranych pomiarów: 500
2025-12-13 16:34:27,824 | INFO | Liczba odebranych pomiarów: 500
2025-12-13 16:34:57,227 | INFO | Pobrano dane aktualne ze wszystkich sensorów.
2025-12-13 16:34:57,227 | INFO | Pobrano dane aktualne ze wszystkich sensorów.
2025-12-13 16:34:57,301 | INFO | Zapisano aktualne dane do C:\Users\natal\Desktop\Pozyskiwanie_pogodowych\air_quality_monitor\data\current_data.json
2025-12-13 16:34:57,301 | INFO | Zapisano aktualne dane do C:\Users\natal\Desktop\Pozyskiwanie_pogodowych\air_quality_monitor\data\current_data.json
2025-12-13 16:34:57,335 | INFO | Liczba odebranych pomiarów: 500
2025-12-13 16:34:57,335 | INFO | Liczba odebranych pomiarów: 500
2025-12-13 16:35:27,734 | INFO | Pobrano dane aktualne ze wszystkich sensorów.
2025-12-13 16:35:27,734 | INFO | Pobrano dane aktualne ze wszystkich sensorów.
2025-12-13 16:35:27,814 | INFO | Zapisano aktualne dane do C:\Users\natal\Desktop\Pozyskiwanie_pogodowych\air_quality_monitor\data\current_data.json
2025-12-13 16:35:27,814 | INFO | Zapisano aktualne dane do C:\Users\natal\Desktop\Pozyskiwanie_pogodowych\air_quality_monitor\data\current_data.json
2025-12-13 16:35:27,848 | INFO | Liczba odebranych pomiarów: 500
2025-12-13 16:35:27,848 | INFO | Liczba odebranych pomiarów: 500
2025-12-13 16:35:27,872 | INFO | Czas monitoringu dobiegł końca.
2025-12-13 16:35:27,872 | INFO | Czas monitoringu dobiegł końca.
2025-12-13 16:56:44,434 | INFO | Start monitoringu aktualnych danych co 10 sekund.
2025-12-13 16:56:44,435 | INFO | Czas działania monitoringu: 60 sekund.
2025-12-13 16:56:54,011 | INFO | Pobrano dane aktualne ze wszystkich sensorów.
2025-12-13 16:56:54,080 | INFO | Zapisano aktualne dane do C:\Users\natal\Desktop\Pozyskiwanie_pogodowych\air_quality_monitor\data\current_data.json
2025-12-13 16:56:54,104 | INFO | Liczba odebranych pomiarów: 500
2025-12-13 16:57:16,470 | INFO | Pobrano dane aktualne ze wszystkich sensorów.
2025-12-13 16:57:16,540 | INFO | Zapisano aktualne dane do C:\Users\natal\Desktop\Pozyskiwanie_pogodowych\air_quality_monitor\data\current_data.json
2025-12-13 16:57:16,569 | INFO | Liczba odebranych pomiarów: 500
2025-12-13 16:57:36,398 | INFO | Pobrano dane aktualne ze wszystkich sensorów.
2025-12-13 16:57:36,471 | INFO | Zapisano aktualne dane do C:\Users\natal\Desktop\Pozyskiwanie_pogodowych\air_quality_monitor\data\current_data.json
2025-12-13 16:57:36,504 | INFO | Liczba odebranych pomiarów: 500
2025-12-13 16:57:57,016 | INFO | Pobrano dane aktualne ze wszystkich sensorów.
2025-12-13 16:57:57,089 | INFO | Zapisano aktualne dane do C:\Users\natal\Desktop\Pozyskiwanie_pogodowych\air_quality_monitor\data\current_data.json
2025-12-13 16:57:57,117 | INFO | Liczba odebranych pomiarów: 500
2025-12-13 16:57:57,138 | INFO | Czas monitoringu dobiegł końca.
2025-12-13 16:59:51,147 | INFO | Start monitoringu aktualnych danych co 10 sekund.
2025-12-13 16:59:51,148 | INFO | Czas działania monitoringu: 60 sekund.
2025-12-13 17:00:01,652 | INFO | Pobrano dane aktualne ze wszystkich sensorów.
2025-12-13 17:00:01,840 | INFO | Liczba odebranych pomiarów: 500
2025-12-13 17:00:22,115 | INFO | Pobrano dane aktualne ze wszystkich sensorów.
2025-12-13 17:00:22,406 | INFO | Liczba odebranych pomiarów: 500
2025-12-13 17:00:43,813 | INFO | Pobrano dane aktualne ze wszystkich sensorów.
2025-12-13 17:00:44,182 | INFO | Liczba odebranych pomiarów: 500
2025-12-13 17:01:05,230 | INFO | Pobrano dane aktualne ze wszystkich sensorów.
2025-12-13 17:01:05,679 | INFO | Liczba odebranych pomiarów: 500
2025-12-13 17:01:05,697 | INFO | Czas monitoringu dobiegł końca.
2025-12-13 17:03:46,808 | INFO | Start monitoringu aktualnych danych co 10 sekund.
2025-12-13 17:03:46,809 | INFO | Czas działania monitoringu: 60 sekund.
2025-12-13 17:03:58,671 | INFO | Pobrano dane aktualne ze wszystkich sensorów.
2025-12-13 17:03:59,186 | INFO | Liczba odebranych pomiarów: 500
2025-12-13 17:04:22,021 | INFO | Pobrano dane aktualne ze wszystkich sensorów.
2025-12-13 17:04:22,754 | INFO | Liczba odebranych pomiarów: 500
2025-12-13 17:04:44,895 | INFO | Pobrano dane aktualne ze wszystkich sensorów.
2025-12-13 17:04:45,519 | INFO | Liczba odebranych pomiarów: 500
2025-12-13 17:05:09,066 | INFO | Pobrano dane aktualne ze wszystkich sensorów.
2025-12-13 17:05:09,855 | INFO | Liczba odebranych pomiarów: 500
2025-12-13 17:05:09,875 | INFO | Czas monitoringu dobiegł końca.
2025-12-13 17:11:33,844 | INFO | Start monitoringu aktualnych danych co 10 sekund.
2025-12-13 17:11:33,845 | INFO | Czas działania monitoringu: 60 sekund.
2025-12-13 17:11:46,801 | INFO | Pobrano dane aktualne ze wszystkich sensorów.
2025-12-13 17:11:47,626 | INFO | Liczba odebranych pomiarów: 500
2025-12-13 17:12:12,224 | INFO | Pobrano dane aktualne ze wszystkich sensorów.
2025-12-13 17:12:13,114 | INFO | Liczba odebranych pomiarów: 500
2025-12-13 17:12:37,965 | INFO | Pobrano dane aktualne ze wszystkich sensorów.
2025-12-13 17:12:38,937 | INFO | Liczba odebranych pomiarów: 500
2025-12-13 17:12:38,955 | INFO | Czas monitoringu dobiegł końca.
2025-12-13 17:39:59,462 | INFO | Start monitoringu aktualnych danych co 10 sekund.
2025-12-13 17:39:59,463 | INFO | Czas działania monitoringu: 60 sekund.
2025-12-13 17:40:15,287 | INFO | Pobrano dane aktualne ze wszystkich sensorów.
2025-12-13 17:40:16,312 | INFO | Liczba odebranych pomiarów: 500
2025-12-13 17:40:41,954 | INFO | Pobrano dane aktualne ze wszystkich sensorów.
2025-12-13 17:40:43,064 | INFO | Liczba odebranych pomiarów: 500
2025-12-13 17:41:08,784 | INFO | Pobrano dane aktualne ze wszystkich sensorów.
2025-12-13 17:41:10,023 | INFO | Liczba odebranych pomiarów: 500
2025-12-13 17:41:10,041 | INFO | Czas monitoringu dobiegł końca.
2025-12-13 18:37:38,962 | INFO | Start monitoringu aktualnych danych co 10 sekund.
2025-12-13 18:37:38,963 | INFO | Czas działania monitoringu: 60 sekund.
2025-12-13 18:37:56,938 | INFO | Pobrano dane aktualne ze wszystkich sensorów.
2025-12-13 18:37:58,343 | INFO | Liczba odebranych pomiarów: 500
2025-12-13 18:38:29,007 | INFO | Pobrano dane aktualne ze wszystkich sensorów.
2025-12-13 18:38:30,709 | INFO | Liczba odebranych pomiarów: 500
2025-12-13 18:39:04,682 | INFO | Pobrano dane aktualne ze wszystkich sensorów.
2025-12-13 18:39:06,547 | INFO | Liczba odebranych pomiarów: 500
2025-12-13 18:39:06,567 | INFO | Czas monitoringu dobiegł końca.
2025-12-13 18:42:07,188 | INFO | Start monitoringu aktualnych danych co 10 sekund.
2025-12-13 18:42:07,189 | INFO | Czas działania monitoringu: 60 sekund.
2025-12-13 18:42:25,722 | INFO | Pobrano dane aktualne ze wszystkich sensorów.
2025-12-13 18:42:27,298 | INFO | Liczba odebranych pomiarów: 500
2025-12-13 18:42:58,333 | INFO | Pobrano dane aktualne ze wszystkich sensorów.
2025-12-13 18:43:00,346 | INFO | Liczba odebranych pomiarów: 500
2025-12-13 18:43:32,089 | INFO | Pobrano dane aktualne ze wszystkich sensorów.
2025-12-13 18:43:34,339 | INFO | Liczba odebranych pomiarów: 500
2025-12-13 18:43:34,359 | INFO | Czas monitoringu dobiegł końca.
2025-12-13 18:53:51,304 | INFO | Start monitoringu aktualnych danych co 10 sekund.
2025-12-13 18:53:51,305 | INFO | Czas działania monitoringu: 60 sekund.
2025-12-13 18:54:14,142 | INFO | Pobrano dane aktualne ze wszystkich sensorów.
2025-12-13 18:57:28,942 | INFO | Start monitoringu aktualnych danych co 10 sekund.
2025-12-13 18:57:28,942 | INFO | Czas działania monitoringu: 60 sekund.
2025-12-13 18:57:53,012 | INFO | Pobrano dane aktualne ze wszystkich sensorów.
2025-12-13 18:57:54,891 | INFO | Liczba odebranych pomiarów: 500
2025-12-13 18:58:26,554 | INFO | Pobrano dane aktualne ze wszystkich sensorów.
2025-12-13 18:58:28,602 | INFO | Liczba odebranych pomiarów: 500
2025-12-13 18:59:05,073 | INFO | Pobrano dane aktualne ze wszystkich sensorów.
2025-12-13 18:59:07,976 | INFO | Liczba odebranych pomiarów: 500
2025-12-13 18:59:08,001 | INFO | Czas monitoringu dobiegł końca.
2025-12-13 19:07:31,048 | INFO | Start monitoringu aktualnych danych co 10 sekund.
2025-12-13 19:07:31,049 | INFO | Czas działania monitoringu: 60 sekund.
2025-12-13 19:07:55,676 | INFO | Pobrano dane aktualne ze wszystkich sensorów.
2025-12-13 19:07:57,781 | INFO | Liczba odebranych pomiarów: 500
2025-12-13 19:08:32,500 | INFO | Pobrano dane aktualne ze wszystkich sensorów.
2025-12-13 19:08:34,752 | INFO | Liczba odebranych pomiarów: 500
2025-12-13 19:08:34,771 | INFO | Czas monitoringu dobiegł końca.
